2025-03-12 00:36:00 [ERROR]: Cast to ObjectId failed for value "[object Object]" (type string) at path "_id" for model "Course"
2025-03-12 00:36:23 [ERROR]: Cast to ObjectId failed for value "[object Object]" (type string) at path "_id" for model "Course"
2025-03-12 01:05:17 [ERROR]: Error fetching users: bankDetails is not defined
2025-03-12 01:13:25 [ERROR]: Error fetching users: Cannot read properties of undefined (reading 'toString')
2025-03-12 01:13:49 [ERROR]: Error fetching users: Cannot read properties of undefined (reading 'toString')
2025-03-12 21:23:29 [ERROR]: Cannot access 'user' before initialization
2025-03-12 21:25:37 [ERROR]: Cannot access 'user' before initialization
2025-03-12 21:56:37 [ERROR]: Cannot access 'record' before initialization
2025-03-12 21:59:45 [ERROR]: referralAmount is not defined
2025-03-19 20:51:27 [ERROR]: Error fetching booking: jwt is not defined
2025-03-19 20:51:35 [ERROR]: Error fetching booking: jwt is not defined
2025-03-19 20:53:10 [ERROR]: Error fetching booking: jwt is not defined
2025-03-19 20:53:16 [ERROR]: Error fetching booking: jwt is not defined
2025-03-19 20:53:32 [ERROR]: Error fetching booking: jwt is not defined
2025-03-20 00:15:39 [ERROR]: getaddrinfo ENOTFOUND cluster0-shard-00-00.g69we.mongodb.net
2025-03-22 16:19:59 [ERROR]: Server selection timed out after 10000 ms
2025-03-22 16:20:58 [ERROR]: Operation `courses.countDocuments()` buffering timed out after 10000ms
2025-03-22 16:47:49 [ERROR]: Error fetching users: read ECONNRESET
2025-03-22 17:18:16 [ERROR]: Error fetching users: read ECONNRESET
2025-03-22 18:49:02 [ERROR]: read ECONNRESET
2025-03-22 18:49:06 [ERROR]: Error fetching users: connection <monitor> to 159.41.242.95:27017 timed out
2025-03-22 18:49:17 [ERROR]: connection <monitor> to 159.41.242.95:27017 timed out
2025-03-22 18:49:17 [ERROR]: connection <monitor> to 159.41.242.95:27017 timed out
2025-03-22 21:50:13 [ERROR]: conole is not defined
2025-03-25 23:09:22 [ERROR]: Cast to ObjectId failed for value "{ _id: undefined }" (type Object) at path "_id" for model "Profile"
2025-03-25 23:12:03 [ERROR]: Profile ID is missing or invalid
2025-03-25 23:14:30 [ERROR]: Profile not found for this User ID
2025-03-26 21:11:57 [ERROR]: record is not defined
2025-03-26 21:12:19 [ERROR]: record is not defined
2025-03-29 22:01:50 [ERROR]: existingProfile is not defined
2025-03-29 22:25:58 [ERROR]: Bank validation failed: IFSC: Invalid IFSC code format
2025-03-29 22:26:09 [ERROR]: Bank validation failed: IFSC: Invalid IFSC code format
2025-03-29 22:26:26 [ERROR]: Bank validation failed: IFSC: Invalid IFSC code format
2025-03-29 22:27:10 [ERROR]: Bank validation failed: IFSC: Invalid IFSC code format
2025-03-29 22:27:14 [ERROR]: Bank validation failed: IFSC: Invalid IFSC code format
2025-03-29 22:28:05 [ERROR]: Bank validation failed: IFSC: Invalid IFSC code format
2025-03-29 23:59:26 [ERROR]: Cast to ObjectId failed for value "{ userId: '67e731729f72769128ad851a' }" (type Object) at path "_id" for model "Review"
2025-03-29 23:59:26 [ERROR]: Cast to ObjectId failed for value "{ userId: '67e731729f72769128ad851a' }" (type Object) at path "_id" for model "Review"
2025-03-30 00:02:27 [ERROR]: review is not defined
2025-03-30 00:02:27 [ERROR]: review is not defined
2025-03-30 10:54:46 [ERROR]: Error fetching users: getaddrinfo ENOTFOUND cluster0-shard-00-00.g69we.mongodb.net
2025-03-30 10:54:56 [ERROR]: Error fetching users: getaddrinfo ENOTFOUND cluster0-shard-00-00.g69we.mongodb.net
2025-03-30 10:54:56 [ERROR]: getaddrinfo ENOTFOUND cluster0-shard-00-00.g69we.mongodb.net
2025-03-30 10:55:06 [ERROR]: Error fetching users: getaddrinfo ENOTFOUND cluster0-shard-00-00.g69we.mongodb.net
2025-03-30 10:55:07 [ERROR]: getaddrinfo ENOTFOUND cluster0-shard-00-00.g69we.mongodb.net
2025-03-30 10:55:14 [ERROR]: Error fetching booking: getaddrinfo ENOTFOUND cluster0-shard-00-00.g69we.mongodb.net
