2025-07-07 20:47:38 [INFO]: Connected to MongoDB
2025-07-07 20:52:45 [INFO]: Connected to MongoDB
2025-07-07 20:59:43 [INFO]: Connected to MongoDB
2025-07-07 21:01:26 [INFO]: Connected to MongoDB
2025-07-07 21:01:32 [INFO]: Connected to MongoDB
2025-07-07 21:25:39 [INFO]: Connected to MongoDB
2025-07-07 21:25:48 [INFO]: Connected to MongoDB
2025-07-07 21:36:31 [INFO]: Connected to MongoDB
2025-07-07 21:37:21 [INFO]: Connected to MongoDB
2025-07-07 21:41:12 [INFO]: Connected to MongoDB
2025-07-07 21:52:22 [INFO]: Connected to MongoDB
2025-07-07 21:57:12 [INFO]: Connected to MongoDB
2025-07-07 22:21:28 [INFO]: Connected to MongoDB
2025-07-07 22:27:27 [INFO]: Connected to MongoDB
2025-07-07 22:29:51 [INFO]: Connected to MongoDB
2025-07-07 22:36:49 [INFO]: Connected to MongoDB
2025-07-07 22:45:49 [INFO]: Connected to MongoDB
2025-07-07 22:59:46 [INFO]: Connected to MongoDB
2025-07-07 23:05:52 [INFO]: Connected to MongoDB
2025-07-07 23:19:16 [INFO]: Connected to MongoDB
2025-07-08 21:08:50 [INFO]: Connected to MongoDB
2025-07-08 21:22:54 [INFO]: Connected to MongoDB
2025-07-09 21:17:43 [INFO]: Connected to MongoDB
2025-07-10 20:17:35 [INFO]: Connected to MongoDB
2025-07-10 20:29:46 [INFO]: Connected to MongoDB
2025-07-10 20:33:53 [INFO]: Connected to MongoDB
2025-07-10 20:34:33 [INFO]: Connected to MongoDB
2025-07-11 20:38:41 [INFO]: Connected to MongoDB
2025-07-11 20:57:26 [INFO]: Connected to MongoDB
2025-07-11 21:01:36 [INFO]: Connected to MongoDB
2025-07-11 21:03:06 [INFO]: Connected to MongoDB
2025-07-11 21:17:27 [INFO]: Connected to MongoDB
2025-07-11 21:18:24 [INFO]: Connected to MongoDB
2025-07-11 21:22:00 [INFO]: Connected to MongoDB
2025-07-11 21:22:39 [INFO]: Connected to MongoDB
2025-07-11 21:25:52 [INFO]: Connected to MongoDB
2025-07-11 21:26:56 [INFO]: Connected to MongoDB
2025-07-11 21:29:40 [INFO]: Connected to MongoDB
2025-07-11 21:31:47 [INFO]: Connected to MongoDB
2025-07-11 22:43:24 [INFO]: Connected to MongoDB
2025-07-11 22:46:14 [INFO]: Connected to MongoDB
2025-07-11 22:47:42 [INFO]: Connected to MongoDB
2025-07-11 22:50:08 [INFO]: Connected to MongoDB
2025-07-11 22:52:43 [INFO]: Connected to MongoDB
2025-07-11 22:56:56 [INFO]: Connected to MongoDB
2025-07-11 22:57:07 [INFO]: Connected to MongoDB
2025-07-11 22:59:00 [INFO]: Connected to MongoDB
2025-07-11 23:26:04 [INFO]: Connected to MongoDB
2025-07-11 23:31:26 [INFO]: Connected to MongoDB
2025-07-11 23:33:45 [INFO]: Connected to MongoDB
2025-07-11 23:36:03 [INFO]: Connected to MongoDB
2025-07-12 00:00:00 [INFO]: ⏰ Daily Cron Job started
2025-07-12 00:00:00 [INFO]: 🧑‍🤝‍🧑 Found 18 users
2025-07-12 00:00:00 [INFO]: ✅ Updated user: 680a5caffacf56cdd8e82fe5
2025-07-12 00:00:00 [INFO]: ✅ Updated user: 680af015facf56cdd8e84e94
2025-07-12 00:00:05 [INFO]: ✅ Daily Cron Job completed successfully
2025-07-12 00:26:51 [INFO]: Connected to MongoDB
2025-07-15 21:06:53 [INFO]: Connected to MongoDB
2025-07-15 23:06:02 [INFO]: Connected to MongoDB
2025-07-15 23:11:51 [INFO]: Connected to MongoDB
2025-07-16 20:41:03 [INFO]: Connected to MongoDB
2025-07-16 20:42:37 [INFO]: Connected to MongoDB
2025-07-16 20:44:07 [INFO]: Connected to MongoDB
2025-07-16 21:31:46 [INFO]: Connected to MongoDB
2025-07-16 21:46:36 [INFO]: Connected to MongoDB
2025-07-16 21:58:26 [INFO]: Connected to MongoDB
2025-07-16 22:00:27 [INFO]: Connected to MongoDB
2025-07-16 22:09:37 [INFO]: Connected to MongoDB
2025-07-16 22:19:46 [INFO]: Connected to MongoDB
2025-07-16 22:31:13 [INFO]: Connected to MongoDB
2025-07-16 22:34:41 [INFO]: Connected to MongoDB
2025-07-16 22:40:14 [INFO]: Connected to MongoDB
2025-07-16 22:41:06 [INFO]: Connected to MongoDB
2025-07-17 21:02:00 [INFO]: Connected to MongoDB
2025-07-17 21:17:12 [INFO]: Connected to MongoDB
2025-07-17 21:18:18 [INFO]: Connected to MongoDB
2025-07-17 21:38:53 [INFO]: Connected to MongoDB
2025-07-17 21:39:52 [INFO]: Connected to MongoDB
2025-07-17 21:40:40 [INFO]: Connected to MongoDB
2025-07-17 21:43:01 [INFO]: Connected to MongoDB
2025-07-17 21:46:10 [INFO]: Connected to MongoDB
2025-07-17 21:46:56 [INFO]: Connected to MongoDB
2025-07-17 21:48:05 [INFO]: Connected to MongoDB
2025-07-17 21:50:11 [INFO]: Connected to MongoDB
2025-07-17 22:07:55 [INFO]: Connected to MongoDB
2025-07-17 22:08:44 [INFO]: Connected to MongoDB
2025-07-17 22:14:38 [INFO]: Connected to MongoDB
2025-07-17 22:40:29 [INFO]: Connected to MongoDB
2025-07-17 22:41:42 [INFO]: Connected to MongoDB
2025-07-17 22:42:37 [INFO]: Connected to MongoDB
2025-07-17 22:43:22 [INFO]: Connected to MongoDB
2025-07-17 22:44:30 [INFO]: Connected to MongoDB
2025-07-17 22:45:34 [INFO]: Connected to MongoDB
2025-07-17 23:04:06 [INFO]: Connected to MongoDB
2025-07-17 23:06:50 [INFO]: Connected to MongoDB
2025-07-17 23:07:38 [INFO]: Connected to MongoDB
2025-07-17 23:08:21 [INFO]: Connected to MongoDB
2025-07-17 23:10:27 [INFO]: Connected to MongoDB
2025-07-18 08:21:07 [INFO]: Connected to MongoDB
2025-07-18 08:37:42 [INFO]: Connected to MongoDB
2025-07-18 08:38:35 [INFO]: Connected to MongoDB
2025-07-18 08:39:19 [INFO]: Connected to MongoDB
2025-07-18 08:39:39 [INFO]: Connected to MongoDB
2025-07-18 08:43:03 [INFO]: Connected to MongoDB
2025-07-24 22:18:24 [INFO]: Connected to MongoDB
2025-07-24 23:06:04 [INFO]: Connected to MongoDB
2025-07-24 23:07:31 [INFO]: Connected to MongoDB
2025-07-24 23:10:04 [INFO]: Connected to MongoDB
2025-07-24 23:12:42 [INFO]: Connected to MongoDB
2025-07-24 23:14:22 [INFO]: Connected to MongoDB
2025-07-24 23:17:58 [INFO]: Connected to MongoDB
2025-07-24 23:20:09 [INFO]: Connected to MongoDB
2025-07-24 23:20:19 [INFO]: Connected to MongoDB
2025-07-24 23:23:54 [INFO]: Connected to MongoDB
2025-07-24 23:27:20 [INFO]: Connected to MongoDB
2025-07-24 23:28:01 [INFO]: Connected to MongoDB
2025-07-24 23:28:36 [INFO]: Connected to MongoDB
2025-07-24 23:39:51 [INFO]: Connected to MongoDB
2025-07-27 15:07:49 [INFO]: Connected to MongoDB
2025-07-27 15:16:17 [INFO]: Connected to MongoDB
2025-07-27 15:17:00 [INFO]: Connected to MongoDB
2025-07-27 15:17:22 [INFO]: Connected to MongoDB
2025-07-27 15:18:15 [INFO]: Connected to MongoDB
2025-07-27 15:23:19 [INFO]: Connected to MongoDB
2025-07-27 15:24:03 [INFO]: Connected to MongoDB
2025-07-27 15:26:50 [INFO]: Connected to MongoDB
2025-07-27 15:29:51 [INFO]: Connected to MongoDB
2025-07-27 15:32:40 [INFO]: Connected to MongoDB
2025-07-27 15:38:02 [INFO]: Connected to MongoDB
2025-07-27 15:39:30 [INFO]: Connected to MongoDB
2025-07-27 15:42:41 [INFO]: Connected to MongoDB
2025-07-27 15:45:35 [INFO]: Connected to MongoDB
2025-07-27 15:49:11 [INFO]: Connected to MongoDB
2025-07-27 15:52:12 [INFO]: Connected to MongoDB
2025-07-27 15:55:40 [INFO]: Connected to MongoDB
2025-07-27 15:57:43 [INFO]: Connected to MongoDB
2025-07-27 15:59:44 [INFO]: Connected to MongoDB
2025-07-27 16:06:06 [INFO]: Connected to MongoDB
2025-07-27 16:12:59 [INFO]: Connected to MongoDB
2025-07-27 16:18:04 [INFO]: Connected to MongoDB
2025-07-27 19:47:42 [INFO]: Connected to MongoDB
2025-07-27 19:53:03 [INFO]: Connected to MongoDB
2025-07-27 19:57:08 [INFO]: Connected to MongoDB
2025-07-27 19:58:02 [INFO]: Connected to MongoDB
2025-07-27 19:59:26 [INFO]: Connected to MongoDB
2025-07-27 20:00:10 [INFO]: Connected to MongoDB
2025-07-27 20:08:53 [INFO]: Connected to MongoDB
2025-07-27 20:10:27 [INFO]: Connected to MongoDB
2025-07-28 21:08:25 [INFO]: Connected to MongoDB
2025-07-28 21:26:07 [INFO]: Connected to MongoDB
2025-07-28 21:30:58 [INFO]: Connected to MongoDB
2025-07-28 21:31:33 [INFO]: Connected to MongoDB
2025-07-28 21:32:26 [INFO]: Connected to MongoDB
2025-07-28 21:34:32 [INFO]: Connected to MongoDB
2025-07-28 21:36:51 [INFO]: Connected to MongoDB
2025-07-28 21:38:09 [INFO]: Connected to MongoDB
2025-07-28 21:49:35 [INFO]: Connected to MongoDB
2025-07-28 21:50:21 [INFO]: Connected to MongoDB
2025-07-28 21:52:17 [INFO]: Connected to MongoDB
2025-07-28 21:53:00 [INFO]: Connected to MongoDB
2025-07-28 21:53:26 [INFO]: Connected to MongoDB
2025-07-28 21:57:30 [INFO]: Connected to MongoDB
2025-07-28 21:59:21 [INFO]: Connected to MongoDB
2025-07-28 22:01:19 [INFO]: Connected to MongoDB
2025-07-28 22:03:30 [INFO]: Connected to MongoDB
2025-07-28 22:04:26 [INFO]: Connected to MongoDB
2025-07-28 22:05:44 [INFO]: Connected to MongoDB
2025-07-28 22:06:12 [INFO]: Connected to MongoDB
2025-07-28 22:07:12 [INFO]: Connected to MongoDB
2025-07-28 22:08:37 [INFO]: Connected to MongoDB
2025-07-28 22:09:37 [INFO]: Connected to MongoDB
2025-07-28 22:11:58 [INFO]: Connected to MongoDB
2025-07-28 22:12:37 [INFO]: Connected to MongoDB
2025-07-28 22:21:21 [INFO]: Connected to MongoDB
2025-07-28 22:22:51 [INFO]: Connected to MongoDB
2025-07-28 22:23:02 [INFO]: Connected to MongoDB
2025-07-28 22:24:12 [INFO]: Connected to MongoDB
2025-07-28 22:25:41 [INFO]: Connected to MongoDB
2025-07-28 22:28:29 [INFO]: Connected to MongoDB
2025-07-28 22:32:03 [INFO]: Connected to MongoDB
2025-07-28 22:32:25 [INFO]: Connected to MongoDB
2025-07-28 22:38:38 [INFO]: Connected to MongoDB
2025-07-28 22:42:01 [INFO]: Connected to MongoDB
2025-07-28 22:43:27 [INFO]: Connected to MongoDB
2025-07-28 22:49:32 [INFO]: Connected to MongoDB
2025-07-28 22:59:53 [INFO]: Connected to MongoDB
2025-07-28 23:08:53 [INFO]: Connected to MongoDB
2025-07-28 23:09:02 [INFO]: Connected to MongoDB
2025-07-28 23:10:13 [INFO]: Connected to MongoDB
2025-07-29 20:55:55 [INFO]: Connected to MongoDB
2025-07-29 21:02:22 [INFO]: Connected to MongoDB
2025-07-29 21:04:32 [INFO]: Connected to MongoDB
2025-07-29 21:05:44 [INFO]: Connected to MongoDB
2025-07-29 21:07:23 [INFO]: Connected to MongoDB
2025-07-29 21:13:04 [INFO]: Connected to MongoDB
2025-07-29 21:13:30 [INFO]: Connected to MongoDB
2025-07-29 21:13:57 [INFO]: Connected to MongoDB
2025-07-29 21:14:16 [INFO]: Connected to MongoDB
2025-07-29 21:15:32 [INFO]: Connected to MongoDB
2025-07-29 21:19:03 [INFO]: Connected to MongoDB
2025-07-29 21:36:13 [INFO]: Connected to MongoDB
2025-07-29 21:37:57 [INFO]: Connected to MongoDB
2025-07-29 21:38:41 [INFO]: Connected to MongoDB
2025-07-29 21:50:10 [INFO]: Connected to MongoDB
