2024-12-26 16:32:49 [WARN]: This is a warning message
2024-12-26 16:33:33 [WARN]: This is a warning message
2024-12-26 16:33:37 [WARN]: This is a warning message
2024-12-26 16:33:41 [WARN]: This is a warning message
2024-12-26 16:33:52 [WARN]: This is a warning message
2024-12-26 16:34:06 [WARN]: This is a warning message
2024-12-26 16:34:11 [WARN]: This is a warning message
2024-12-26 16:34:13 [WARN]: This is a warning message
2024-12-26 16:34:37 [WARN]: This is a warning message
2024-12-26 16:34:53 [WARN]: This is a warning message
2024-12-26 16:35:00 [WARN]: This is a warning message
2024-12-26 16:35:04 [WARN]: This is a warning message
2024-12-26 16:35:10 [WARN]: This is a warning message
2024-12-26 16:35:14 [WARN]: This is a warning message
2024-12-26 16:35:32 [WARN]: This is a warning message
2024-12-26 16:35:38 [WARN]: This is a warning message
2024-12-26 16:35:43 [WARN]: This is a warning message
2024-12-26 16:35:51 [WARN]: This is a warning message
2024-12-26 16:36:09 [WARN]: This is a warning message
2024-12-26 16:36:13 [WARN]: This is a warning message
2024-12-26 16:36:17 [WARN]: This is a warning message
2024-12-26 16:36:20 [WARN]: This is a warning message
2024-12-26 16:36:24 [WARN]: This is a warning message
2024-12-28 22:34:23 [WARN]: All fields (name, email, message, subject, courseId) are required.
2024-12-28 22:34:41 [WARN]: All fields (name, email, message, subject, courseId) are required.
2024-12-28 22:34:47 [WARN]: All fields (name, email, message, subject, courseId) are required.
2024-12-28 22:35:23 [WARN]: All fields (name, email, message, subject, courseId) are required.
2024-12-28 22:35:25 [WARN]: All fields (name, email, message, subject, courseId) are required.
2024-12-28 22:35:26 [WARN]: All fields (name, email, message, subject, courseId) are required.
2024-12-28 22:35:27 [WARN]: All fields (name, email, message, subject, courseId) are required.
2024-12-28 22:35:27 [WARN]: All fields (name, email, message, subject, courseId) are required.
2024-12-28 22:35:44 [WARN]: All fields (name, email, message, subject, courseId) are required.
2024-12-29 10:09:47 [WARN]: Incorrect password!
2024-12-29 10:24:14 [WARN]: Invalid Email or password!
2024-12-29 10:24:28 [WARN]: Invalid Email or password!
2024-12-29 10:24:52 [WARN]: Incorrect password!
2025-01-02 23:16:42 [WARN]: Request failed: Missing social fields in the request.
2025-01-02 23:29:51 [WARN]: Request failed: Missing social fields in the request.
2025-01-02 23:34:52 [WARN]: Request failed: Missing social fields in the request.
2025-01-02 23:38:00 [WARN]: Request failed: Missing social fields in the request.
2025-01-02 23:43:27 [WARN]: Request failed: Missing social fields in the request.
2025-01-02 23:48:23 [WARN]: All fields are required.
2025-01-02 23:48:27 [WARN]: All fields are required.
2025-01-02 23:48:33 [WARN]: All fields are required.
2025-01-02 23:49:09 [WARN]: All fields are required.
2025-01-02 23:49:37 [WARN]: All fields are required.
2025-01-02 23:50:10 [WARN]: All fields are required.
